<?xml version="1.0" encoding="UTF-8"?>
<!-- Generated by org.testng.reporters.JUnitXMLReporter -->
<testsuite hostname="DESKTOP-5LN919O" name="Command line test" tests="6" failures="0" timestamp="7 Sep 2018 03:57:32 GMT" time="0.021" errors="0">
  <testcase name="createAccountTest" time="0.001" classname="com.crm.qa.testCases.CreateAccountPageTest"/>
  <testcase name="searchBasedOnAccountNameTest" time="0.0" classname="com.crm.qa.testCases.SearchAccountPageTest"/>
  <testcase name="searchPaginationTest" time="0.0" classname="com.crm.qa.testCases.SearchAccountPageTest"/>
  <testcase name="deleteAccountTest" time="0.0" classname="com.crm.qa.testCases.ViewAccountPageTest"/>
  <testcase name="sortAccountNameTest" time="0.0" classname="com.crm.qa.testCases.ViewAccountPageTest"/>
  <testcase name="viewAccountDetailsTest" time="0.0" classname="com.crm.qa.testCases.ViewAccountPageTest"/>
</testsuite> <!-- Command line test -->
