<?xml version="1.0" encoding="UTF-8"?>
<testng-results skipped="0" failed="0" ignored="0" total="1" passed="1">
  <reporter-output>
  </reporter-output>
  <suite name="Default suite" duration-ms="9102" started-at="2019-01-29T11:01:59Z" finished-at="2019-01-29T11:02:08Z">
    <groups>
    </groups>
    <test name="Default test" duration-ms="9102" started-at="2019-01-29T11:01:59Z" finished-at="2019-01-29T11:02:08Z">
      <class name="com.crm.qa.testCases.CreateAccountPageTest">
        <test-method status="PASS" signature="createAccountPageTestSetUp()[pri:0, instance:com.crm.qa.testCases.CreateAccountPageTest@7085bdee]" name="createAccountPageTestSetUp" is-config="true" duration-ms="7992" started-at="2019-01-29T11:01:59Z" finished-at="2019-01-29T11:02:07Z">
          <reporter-output>
          </reporter-output>
        </test-method> <!-- createAccountPageTestSetUp -->
        <test-method status="PASS" signature="createAccountPageTest()[pri:0, instance:com.crm.qa.testCases.CreateAccountPageTest@7085bdee]" name="createAccountPageTest" duration-ms="1084" started-at="2019-01-29T11:02:07Z" finished-at="2019-01-29T11:02:08Z">
          <reporter-output>
          </reporter-output>
        </test-method> <!-- createAccountPageTest -->
        <test-method status="PASS" signature="createAccountPageTestTearDown()[pri:0, instance:com.crm.qa.testCases.CreateAccountPageTest@7085bdee]" name="createAccountPageTestTearDown" is-config="true" duration-ms="1" started-at="2019-01-29T11:02:08Z" finished-at="2019-01-29T11:02:08Z">
          <reporter-output>
          </reporter-output>
        </test-method> <!-- createAccountPageTestTearDown -->
      </class> <!-- com.crm.qa.testCases.CreateAccountPageTest -->
    </test> <!-- Default test -->
  </suite> <!-- Default suite -->
</testng-results>
