<?xml version="1.0" encoding="UTF-8"?>
<!-- Generated by org.testng.reporters.JUnitXMLReporter -->
<testsuite hostname="DESKTOP-5LN919O" ignored="0" name="Sprint Cycle 1" tests="6" failures="0" timestamp="05 Sep 2018 15:45:21 GMT" time="0.078" errors="0">
  <testcase name="createAccountTest" time="0.019" classname="com.crm.qa.testCases.CreateAccountPageTest"/>
  <testcase name="searchBasedOnAccountNameTest" time="0.002" classname="com.crm.qa.testCases.SearchAccountPageTest"/>
  <testcase name="searchPaginationTest" time="0.005" classname="com.crm.qa.testCases.SearchAccountPageTest"/>
  <testcase name="deleteAccountTest" time="0.0" classname="com.crm.qa.testCases.ViewAccountPageTest"/>
  <testcase name="sortAccountNameTest" time="0.0" classname="com.crm.qa.testCases.ViewAccountPageTest"/>
  <testcase name="viewAccountDetailsTest" time="0.001" classname="com.crm.qa.testCases.ViewAccountPageTest"/>
</testsuite> <!-- Sprint Cycle 1 -->
